c:\users\xoger\desktop\project world\project world\debug\vc120.pdb
c:\users\xoger\desktop\project world\project world\debug\vc120.idb
c:\users\xoger\desktop\project world\project world\debug\eventreceiver.obj
c:\users\xoger\desktop\project world\project world\debug\gameobject.obj
c:\users\xoger\desktop\project world\project world\debug\main.obj
c:\users\xoger\desktop\project world\project world\debug\maploader.obj
c:\users\xoger\desktop\project world\project world\debug\mover.obj
c:\users\xoger\desktop\project world\project world\debug\objectcomponant.obj
c:\users\xoger\desktop\project world\project world\debug\objectcreator.obj
c:\users\xoger\desktop\project world\project world\debug\tinyxml2.obj
c:\users\xoger\desktop\project world\project world\debug\xmlserialization.obj
c:\users\xoger\desktop\project world\project world\debug\xmlbaseclasses.obj
c:\users\xoger\desktop\project world\project world\debug\exmoveforward.obj
c:\users\xoger\desktop\project world\project world\debug\moveforward.obj
c:\users\xoger\desktop\project world\project world\debug\scaleup.obj
c:\users\xoger\desktop\project world\project world\debug\aaaaaaaaaaaaaaa.obj
c:\users\xoger\desktop\project world\project world\debug\a.obj
c:\users\xoger\desktop\project world\debug\project world.ilk
c:\users\xoger\desktop\project world\debug\project world.exe
c:\users\xoger\desktop\project world\debug\project world.pdb
c:\users\xoger\desktop\project world\project world\debug\project world.tlog\cl.command.1.tlog
c:\users\xoger\desktop\project world\project world\debug\project world.tlog\cl.read.1.tlog
c:\users\xoger\desktop\project world\project world\debug\project world.tlog\cl.write.1.tlog
c:\users\xoger\desktop\project world\project world\debug\project world.tlog\link.command.1.tlog
c:\users\xoger\desktop\project world\project world\debug\project world.tlog\link.read.1.tlog
c:\users\xoger\desktop\project world\project world\debug\project world.tlog\link.write.1.tlog
